<?xml version="1.0" encoding="UTF-8"?>
<!-- Generated by org.testng.reporters.JUnitReportReporter -->
<testsuite skipped="0" hostname="LAPTOP-BNQ8S847" name="com.TestCases.TestCase_001" tests="1" failures="0" timestamp="08 Mar 2021 20:15:24 GMT" time="0.016" errors="0">
  <testcase name="GetGainRecords" time="0.016" classname="com.TestCases.TestCase_001"/>
</testsuite> <!-- com.TestCases.TestCase_001 -->
