<?xml version="1.0" encoding="UTF-8"?>
<!-- Generated by org.testng.reporters.JUnitReportReporter -->
<testsuite hostname="admin-PC" failures="0" tests="1" name="com.TestCases.TestRunnerClass" time="12.554" errors="0" timestamp="27 Jun 2021 18:11:25 GMT" skipped="0">
  <testcase classname="com.TestCases.TestRunnerClass" name="getStockDetails" time="12.554"/>
</testsuite> <!-- com.TestCases.TestRunnerClass -->
