<?xml version="1.0" encoding="UTF-8"?>
<!-- Generated by org.testng.reporters.JUnitReportReporter -->
<testsuite skipped="0" hostname="LAPTOP-BNQ8S847" name="com.TestCases.TestRunnerClass" tests="1" failures="0" timestamp="27 Mar 2021 17:11:04 GMT" time="9.365" errors="0">
  <testcase name="getStockDetails" time="9.365" classname="com.TestCases.TestRunnerClass"/>
</testsuite> <!-- com.TestCases.TestRunnerClass -->
